<?xml version="1.0" encoding="UTF-8"?>
<testng-results ignored="0" total="2" passed="2" failed="0" skipped="0">
  <reporter-output>
  </reporter-output>
  <suite started-at="2024-03-05T04:41:58 IST" name="Default Suite" finished-at="2024-03-05T04:42:00 IST" duration-ms="1742">
    <groups>
    </groups>
    <test started-at="2024-03-05T04:41:58 IST" name="RestAssuredTestNG" finished-at="2024-03-05T04:42:00 IST" duration-ms="1742">
      <class name="APItest">
        <test-method signature="test1()[pri:0, instance:APItest@4de5031f]" started-at="2024-03-05T04:41:59 IST" name="test1" finished-at="2024-03-05T04:42:00 IST" duration-ms="1607" status="PASS">
          <reporter-output>
          </reporter-output>
        </test-method> <!-- test1 -->
        <test-method signature="test2()[pri:0, instance:APItest@4de5031f]" started-at="2024-03-05T04:42:00 IST" name="test2" finished-at="2024-03-05T04:42:00 IST" duration-ms="89" status="PASS">
          <reporter-output>
          </reporter-output>
        </test-method> <!-- test2 -->
      </class> <!-- APItest -->
    </test> <!-- RestAssuredTestNG -->
  </suite> <!-- Default Suite -->
</testng-results>
